This is pdfTeX, Version 3.141592653-2.6-1.40.25 (TeX Live 2023) (preloaded format=pdflatex 2023.8.5)  14 DEC 2023 12:45
entering extended mode
 restricted \write18 enabled.
 %&-line parsing enabled.
**document.tex
(./document.tex
LaTeX2e <2023-06-01> patch level 1
L3 programming layer <2023-08-03>
(/usr/local/texlive/2023/texmf-dist/tex/latex/base/report.cls
Document Class: report 2023/05/17 v1.4n Standard LaTeX document class
(/usr/local/texlive/2023/texmf-dist/tex/latex/base/size12.clo
File: size12.clo 2023/05/17 v1.4n Standard LaTeX file (size option)
)
\c@part=\count185
\c@chapter=\count186
\c@section=\count187
\c@subsection=\count188
\c@subsubsection=\count189
\c@paragraph=\count190
\c@subparagraph=\count191
\c@figure=\count192
\c@table=\count193
\abovecaptionskip=\skip48
\belowcaptionskip=\skip49
\bibindent=\dimen140
)
(/usr/local/texlive/2023/texmf-dist/tex/latex/psnfss/mathptmx.sty
Package: mathptmx 2020/03/25 PSNFSS-v9.3 Times w/ Math, improved (SPQR, WaS) 
LaTeX Font Info:    Redeclaring symbol font `operators' on input line 28.
LaTeX Font Info:    Overwriting symbol font `operators' in version `normal'
(Font)                  OT1/cmr/m/n --> OT1/ztmcm/m/n on input line 28.
LaTeX Font Info:    Overwriting symbol font `operators' in version `bold'
(Font)                  OT1/cmr/bx/n --> OT1/ztmcm/m/n on input line 28.
LaTeX Font Info:    Redeclaring symbol font `letters' on input line 29.
LaTeX Font Info:    Overwriting symbol font `letters' in version `normal'
(Font)                  OML/cmm/m/it --> OML/ztmcm/m/it on input line 29.
LaTeX Font Info:    Overwriting symbol font `letters' in version `bold'
(Font)                  OML/cmm/b/it --> OML/ztmcm/m/it on input line 29.
LaTeX Font Info:    Redeclaring symbol font `symbols' on input line 30.
LaTeX Font Info:    Overwriting symbol font `symbols' in version `normal'
(Font)                  OMS/cmsy/m/n --> OMS/ztmcm/m/n on input line 30.
LaTeX Font Info:    Overwriting symbol font `symbols' in version `bold'
(Font)                  OMS/cmsy/b/n --> OMS/ztmcm/m/n on input line 30.
LaTeX Font Info:    Redeclaring symbol font `largesymbols' on input line 31.
LaTeX Font Info:    Overwriting symbol font `largesymbols' in version `normal'
(Font)                  OMX/cmex/m/n --> OMX/ztmcm/m/n on input line 31.
LaTeX Font Info:    Overwriting symbol font `largesymbols' in version `bold'
(Font)                  OMX/cmex/m/n --> OMX/ztmcm/m/n on input line 31.
\symbold=\mathgroup4
\symitalic=\mathgroup5
LaTeX Font Info:    Redeclaring math alphabet \mathbf on input line 34.
LaTeX Font Info:    Overwriting math alphabet `\mathbf' in version `normal'
(Font)                  OT1/cmr/bx/n --> OT1/ptm/bx/n on input line 34.
LaTeX Font Info:    Overwriting math alphabet `\mathbf' in version `bold'
(Font)                  OT1/cmr/bx/n --> OT1/ptm/bx/n on input line 34.
LaTeX Font Info:    Redeclaring math alphabet \mathit on input line 35.
LaTeX Font Info:    Overwriting math alphabet `\mathit' in version `normal'
(Font)                  OT1/cmr/m/it --> OT1/ptm/m/it on input line 35.
LaTeX Font Info:    Overwriting math alphabet `\mathit' in version `bold'
(Font)                  OT1/cmr/bx/it --> OT1/ptm/m/it on input line 35.
LaTeX Info: Redefining \hbar on input line 50.
)
(/usr/local/texlive/2023/texmf-dist/tex/latex/geometry/geometry.sty
Package: geometry 2020/01/02 v5.9 Page Geometry

(/usr/local/texlive/2023/texmf-dist/tex/latex/graphics/keyval.sty
Package: keyval 2022/05/29 v1.15 key=value parser (DPC)
\KV@toks@=\toks17
)
(/usr/local/texlive/2023/texmf-dist/tex/generic/iftex/ifvtex.sty
Package: ifvtex 2019/10/25 v1.7 ifvtex legacy package. Use iftex instead.

(/usr/local/texlive/2023/texmf-dist/tex/generic/iftex/iftex.sty
Package: iftex 2022/02/03 v1.0f TeX engine tests
))
\Gm@cnth=\count194
\Gm@cntv=\count195
\c@Gm@tempcnt=\count196
\Gm@bindingoffset=\dimen141
\Gm@wd@mp=\dimen142
\Gm@odd@mp=\dimen143
\Gm@even@mp=\dimen144
\Gm@layoutwidth=\dimen145
\Gm@layoutheight=\dimen146
\Gm@layouthoffset=\dimen147
\Gm@layoutvoffset=\dimen148
\Gm@dimlist=\toks18
)
(/usr/local/texlive/2023/texmf-dist/tex/generic/babel/babel.sty
Package: babel 2023/07/15 v3.92 The Babel package
\babel@savecnt=\count197
\U@D=\dimen149
\l@unhyphenated=\language87

(/usr/local/texlive/2023/texmf-dist/tex/generic/babel/txtbabel.def)
\bbl@readstream=\read2
\bbl@dirlevel=\count198

(/usr/local/texlive/2023/texmf-dist/tex/generic/babel-slovak/slovak.ldf
Language: slovak 2008/07/06 v3.1a Slovak support from the babel system
Package babel Info: Making ^ an active character on input line 123.
Package babel Info: Making " an active character on input line 126.
Package babel Info: Making ' an active character on input line 129.
\cs@wordlen=\count199
Package babel Info: Making - an active character on input line 294.
))
(/usr/local/texlive/2023/texmf-dist/tex/generic/babel/locale/sk/babel-slovak.te
x
Package babel Info: Importing font and identification data for slovak
(babel)             from babel-sk.ini. Reported on input line 11.
) (/usr/local/texlive/2023/texmf-dist/tex/latex/pdfpages/pdfpages.sty
Package: pdfpages 2022/12/19 v0.5x Insert pages of external PDF documents (AM)

(/usr/local/texlive/2023/texmf-dist/tex/latex/base/ifthen.sty
Package: ifthen 2022/04/13 v1.1d Standard LaTeX ifthen package (DPC)
)
(/usr/local/texlive/2023/texmf-dist/tex/latex/tools/calc.sty
Package: calc 2017/05/25 v4.3 Infix arithmetic (KKT,FJ)
\calc@Acount=\count266
\calc@Bcount=\count267
\calc@Adimen=\dimen150
\calc@Bdimen=\dimen151
\calc@Askip=\skip50
\calc@Bskip=\skip51
LaTeX Info: Redefining \setlength on input line 80.
LaTeX Info: Redefining \addtolength on input line 81.
\calc@Ccount=\count268
\calc@Cskip=\skip52
)
(/usr/local/texlive/2023/texmf-dist/tex/latex/eso-pic/eso-pic.sty
Package: eso-pic 2023/05/03 v3.0c eso-pic (RN)
\ESO@tempdima=\dimen152
\ESO@tempdimb=\dimen153

(/usr/local/texlive/2023/texmf-dist/tex/latex/xcolor/xcolor.sty
Package: xcolor 2022/06/12 v2.14 LaTeX color extensions (UK)

(/usr/local/texlive/2023/texmf-dist/tex/latex/graphics-cfg/color.cfg
File: color.cfg 2016/01/02 v1.6 sample color configuration
)
Package xcolor Info: Driver file: pdftex.def on input line 227.

(/usr/local/texlive/2023/texmf-dist/tex/latex/graphics-def/pdftex.def
File: pdftex.def 2022/09/22 v1.2b Graphics/color driver for pdftex
)
(/usr/local/texlive/2023/texmf-dist/tex/latex/graphics/mathcolor.ltx)
Package xcolor Info: Model `cmy' substituted by `cmy0' on input line 1353.
Package xcolor Info: Model `hsb' substituted by `rgb' on input line 1357.
Package xcolor Info: Model `RGB' extended on input line 1369.
Package xcolor Info: Model `HTML' substituted by `rgb' on input line 1371.
Package xcolor Info: Model `Hsb' substituted by `hsb' on input line 1372.
Package xcolor Info: Model `tHsb' substituted by `hsb' on input line 1373.
Package xcolor Info: Model `HSB' substituted by `hsb' on input line 1374.
Package xcolor Info: Model `Gray' substituted by `gray' on input line 1375.
Package xcolor Info: Model `wave' substituted by `hsb' on input line 1376.
))
(/usr/local/texlive/2023/texmf-dist/tex/latex/graphics/graphicx.sty
Package: graphicx 2021/09/16 v1.2d Enhanced LaTeX Graphics (DPC,SPQR)

(/usr/local/texlive/2023/texmf-dist/tex/latex/graphics/graphics.sty
Package: graphics 2022/03/10 v1.4e Standard LaTeX Graphics (DPC,SPQR)

(/usr/local/texlive/2023/texmf-dist/tex/latex/graphics/trig.sty
Package: trig 2021/08/11 v1.11 sin cos tan (DPC)
)
(/usr/local/texlive/2023/texmf-dist/tex/latex/graphics-cfg/graphics.cfg
File: graphics.cfg 2016/06/04 v1.11 sample graphics configuration
)
Package graphics Info: Driver file: pdftex.def on input line 107.
)
\Gin@req@height=\dimen154
\Gin@req@width=\dimen155
)
\AM@pagewidth=\dimen156
\AM@pageheight=\dimen157
\AM@fboxrule=\dimen158

(/usr/local/texlive/2023/texmf-dist/tex/latex/pdfpages/pppdftex.def
File: pppdftex.def 2022/12/19 v0.5x Pdfpages driver for pdfTeX (AM)
)
\pdfpages@includegraphics@status=\count269
\AM@pagebox=\box51
\AM@global@opts=\toks19
\AM@pagecnt=\count270
\AM@toc@title=\toks20
\AM@lof@heading=\toks21
\c@AM@survey=\count271
\AM@templatesizebox=\box52
)
(/usr/local/texlive/2023/texmf-dist/tex/latex/tools/array.sty
Package: array 2022/09/04 v2.5g Tabular extension package (FMi)
\col@sep=\dimen159
\ar@mcellbox=\box53
\extrarowheight=\dimen160
\NC@list=\toks22
\extratabsurround=\skip53
\backup@length=\skip54
\ar@cellbox=\box54
)
(/usr/local/texlive/2023/texmf-dist/tex/latex/tools/tabularx.sty
Package: tabularx 2020/01/15 v2.11c `tabularx' package (DPC)
\TX@col@width=\dimen161
\TX@old@table=\dimen162
\TX@old@col=\dimen163
\TX@target=\dimen164
\TX@delta=\dimen165
\TX@cols=\count272
\TX@ftn=\toks23
)
LaTeX Font Info:    Trying to load font information for OT1+ptm on input line 1
5.

(/usr/local/texlive/2023/texmf-dist/tex/latex/psnfss/ot1ptm.fd
File: ot1ptm.fd 2001/06/04 font definitions for OT1/ptm.
)
(/usr/local/texlive/2023/texmf-dist/tex/latex/l3backend/l3backend-pdftex.def
File: l3backend-pdftex.def 2023-04-19 L3 backend support: PDF output (pdfTeX)
\l__color_backend_stack_int=\count273
\l__pdf_internal_box=\box55
)
(./document.aux

LaTeX Warning: Label `tab:use_case_steps' multiply defined.


LaTeX Warning: Label `tab:use_case_steps' multiply defined.

)
\openout1 = `document.aux'.

LaTeX Font Info:    Checking defaults for OML/cmm/m/it on input line 15.
LaTeX Font Info:    ... okay on input line 15.
LaTeX Font Info:    Checking defaults for OMS/cmsy/m/n on input line 15.
LaTeX Font Info:    ... okay on input line 15.
LaTeX Font Info:    Checking defaults for OT1/cmr/m/n on input line 15.
LaTeX Font Info:    ... okay on input line 15.
LaTeX Font Info:    Checking defaults for T1/cmr/m/n on input line 15.
LaTeX Font Info:    ... okay on input line 15.
LaTeX Font Info:    Checking defaults for TS1/cmr/m/n on input line 15.
LaTeX Font Info:    ... okay on input line 15.
LaTeX Font Info:    Checking defaults for OMX/cmex/m/n on input line 15.
LaTeX Font Info:    ... okay on input line 15.
LaTeX Font Info:    Checking defaults for U/cmr/m/n on input line 15.
LaTeX Font Info:    ... okay on input line 15.
\big@size=\dimen166

*geometry* driver: auto-detecting
*geometry* detected driver: pdftex
*geometry* verbose mode - [ preamble ] result:
* driver: pdftex
* paper: <default>
* layout: <same size as paper>
* layoutoffset:(h,v)=(0.0pt,0.0pt)
* modes: 
* h-part:(L,W,R)=(71.13188pt, 472.03123pt, 71.13188pt)
* v-part:(T,H,B)=(71.13188pt, 652.70622pt, 71.13188pt)
* \paperwidth=614.295pt
* \paperheight=794.96999pt
* \textwidth=472.03123pt
* \textheight=652.70622pt
* \oddsidemargin=-1.1381pt
* \evensidemargin=-1.1381pt
* \topmargin=-38.1381pt
* \headheight=12.0pt
* \headsep=25.0pt
* \topskip=12.0pt
* \footskip=30.0pt
* \marginparwidth=44.0pt
* \marginparsep=10.0pt
* \columnsep=10.0pt
* \skip\footins=10.8pt plus 4.0pt minus 2.0pt
* \hoffset=0.0pt
* \voffset=0.0pt
* \mag=1000
* \@twocolumnfalse
* \@twosidefalse
* \@mparswitchfalse
* \@reversemarginfalse
* (1in=72.27pt=25.4mm, 1cm=28.453pt)

(/usr/local/texlive/2023/texmf-dist/tex/context/base/mkii/supp-pdf.mkii
[Loading MPS to PDF converter (version 2006.09.02).]
\scratchcounter=\count274
\scratchdimen=\dimen167
\scratchbox=\box56
\nofMPsegments=\count275
\nofMParguments=\count276
\everyMPshowfont=\toks24
\MPscratchCnt=\count277
\MPscratchDim=\dimen168
\MPnumerator=\count278
\makeMPintoPDFobject=\count279
\everyMPtoPDFconversion=\toks25
) (/usr/local/texlive/2023/texmf-dist/tex/latex/epstopdf-pkg/epstopdf-base.sty
Package: epstopdf-base 2020-01-24 v2.11 Base part for package epstopdf
Package epstopdf-base Info: Redefining graphics rule for `.eps' on input line 4
85.

(/usr/local/texlive/2023/texmf-dist/tex/latex/latexconfig/epstopdf-sys.cfg
File: epstopdf-sys.cfg 2010/07/13 v1.3 Configuration of (r)epstopdf for TeX Liv
e
))
(/usr/local/texlive/2023/texmf-dist/tex/latex/pdflscape/pdflscape.sty
Package: pdflscape 2022-10-27 v0.13 Display of landscape pages in PDF

(/usr/local/texlive/2023/texmf-dist/tex/latex/pdflscape/pdflscape-nometadata.st
y
Package: pdflscape-nometadata 2022-10-28 v0.13 Display of landscape pages in PD
F (HO)
 (/usr/local/texlive/2023/texmf-dist/tex/latex/graphics/lscape.sty
Package: lscape 2020/05/28 v3.02 Landscape Pages (DPC)
)
Package pdflscape Info: Auto-detected driver: pdftex on input line 81.
))
LaTeX Font Info:    Trying to load font information for OT1+ztmcm on input line
 17.

(/usr/local/texlive/2023/texmf-dist/tex/latex/psnfss/ot1ztmcm.fd
File: ot1ztmcm.fd 2000/01/03 Fontinst v1.801 font definitions for OT1/ztmcm.
)
LaTeX Font Info:    Trying to load font information for OML+ztmcm on input line
 17.

(/usr/local/texlive/2023/texmf-dist/tex/latex/psnfss/omlztmcm.fd
File: omlztmcm.fd 2000/01/03 Fontinst v1.801 font definitions for OML/ztmcm.
)
LaTeX Font Info:    Trying to load font information for OMS+ztmcm on input line
 17.

(/usr/local/texlive/2023/texmf-dist/tex/latex/psnfss/omsztmcm.fd
File: omsztmcm.fd 2000/01/03 Fontinst v1.801 font definitions for OMS/ztmcm.
)
LaTeX Font Info:    Trying to load font information for OMX+ztmcm on input line
 17.

(/usr/local/texlive/2023/texmf-dist/tex/latex/psnfss/omxztmcm.fd
File: omxztmcm.fd 2000/01/03 Fontinst v1.801 font definitions for OMX/ztmcm.
)
LaTeX Font Info:    Font shape `OT1/ptm/bx/n' in size <14.4> not available
(Font)              Font shape `OT1/ptm/b/n' tried instead on input line 17.
LaTeX Font Info:    Font shape `OT1/ptm/bx/n' in size <10.95> not available
(Font)              Font shape `OT1/ptm/b/n' tried instead on input line 17.
LaTeX Font Info:    Font shape `OT1/ptm/bx/n' in size <8> not available
(Font)              Font shape `OT1/ptm/b/n' tried instead on input line 17.
 [1

{/usr/local/texlive/2023/texmf-var/fonts/map/pdftex/updmap/pdftex.map}{/usr/loc
al/texlive/2023/texmf-dist/fonts/enc/dvips/base/8r.enc}]
Kapitola 1.
[1

] [2]
Overfull \hbox (3.32031pt too wide) in paragraph at lines 129--133
\OT1/ptm/m/n/12 ve-rejne vo vyhl[]ad[]avac[]^^Pch slu[]zb[]ach. We-bov[]a str[]
anka mus[]^^P pou[]z[]^^Pvat[] []sifrovan[]y pro-to-kol HTTPS
 []

[3]
Kapitola 2.


pdfTeX warning: pdflatex (file ./diagrams/pdf/uc.pdf): PDF inclusion: found PDF
 version <1.7>, but at most version <1.5> allowed
<diagrams/pdf/uc.pdf, id=17, 614.295pt x 795.93356pt>
File: diagrams/pdf/uc.pdf Graphic file (type pdf)
<use diagrams/pdf/uc.pdf>
Package pdftex.def Info: diagrams/pdf/uc.pdf  used on input line 137.
(pdftex.def)             Requested size: 614.29349pt x 795.93163pt.


pdfTeX warning: pdflatex (file ./diagrams/pdf/uc.pdf): PDF inclusion: found PDF
 version <1.7>, but at most version <1.5> allowed
File: diagrams/pdf/uc.pdf Graphic file (type pdf)
<use diagrams/pdf/uc.pdf>
Package pdftex.def Info: diagrams/pdf/uc.pdf  used on input line 137.
(pdftex.def)             Requested size: 614.29349pt x 795.93163pt.


pdfTeX warning: pdflatex (file ./diagrams/pdf/uc.pdf): PDF inclusion: found PDF
 version <1.7>, but at most version <1.5> allowed


pdfTeX warning: pdflatex (file ./diagrams/pdf/uc.pdf): PDF inclusion: found PDF
 version <1.7>, but at most version <1.5> allowed
<diagrams/pdf/uc.pdf, id=20, page=1, 614.295pt x 795.93356pt>
File: diagrams/pdf/uc.pdf Graphic file (type pdf)
<use diagrams/pdf/uc.pdf, page 1>
Package pdftex.def Info: diagrams/pdf/uc.pdf , page1 used on input line 137.
(pdftex.def)             Requested size: 614.29349pt x 795.93163pt.
File: diagrams/pdf/uc.pdf Graphic file (type pdf)
<use diagrams/pdf/uc.pdf, page 1>
Package pdftex.def Info: diagrams/pdf/uc.pdf , page1 used on input line 137.
(pdftex.def)             Requested size: 614.26537pt x 795.89519pt.
[4

]
File: diagrams/pdf/uc.pdf Graphic file (type pdf)
<use diagrams/pdf/uc.pdf, page 1>
Package pdftex.def Info: diagrams/pdf/uc.pdf , page1 used on input line 137.
(pdftex.def)             Requested size: 614.26537pt x 795.89519pt.
File: diagrams/pdf/uc.pdf Graphic file (type pdf)
<use diagrams/pdf/uc.pdf, page 1>
Package pdftex.def Info: diagrams/pdf/uc.pdf , page1 used on input line 137.
(pdftex.def)             Requested size: 614.26537pt x 795.89519pt.
File: diagrams/pdf/uc.pdf Graphic file (type pdf)
<use diagrams/pdf/uc.pdf, page 1>
Package pdftex.def Info: diagrams/pdf/uc.pdf , page1 used on input line 137.
(pdftex.def)             Requested size: 614.26537pt x 795.89519pt.
 [5 <./diagrams/pdf/uc.pdf>] (./includes/UC1.tex
LaTeX Font Info:    Font shape `OT1/ptm/bx/n' in size <12> not available
(Font)              Font shape `OT1/ptm/b/n' tried instead on input line 3.
LaTeX Font Info:    Font shape `OT1/ptm/bx/n' in size <9> not available
(Font)              Font shape `OT1/ptm/b/n' tried instead on input line 3.
LaTeX Font Info:    Font shape `OT1/ptm/bx/n' in size <7> not available
(Font)              Font shape `OT1/ptm/b/n' tried instead on input line 3.


LaTeX Warning: `h' float specifier changed to `ht'.

) [6

] [7] (./includes/UC2.tex
Underfull \hbox (badness 4492) in paragraph at lines 13--14
[]|\OT1/ptm/m/n/12 Vstupn[]e pod-mienky: Ad-mi-ni-stra-tor je pri-hla-seny pod 
u[]ctom s
 []


LaTeX Warning: `h' float specifier changed to `ht'.

) [8] (./includes/UC3.tex

LaTeX Warning: `h' float specifier changed to `ht'.

) [9]

pdfTeX warning: pdflatex (file ./diagrams/pdf/class.pdf): PDF inclusion: found 
PDF version <1.7>, but at most version <1.5> allowed
<diagrams/pdf/class.pdf, id=49, 597.19106pt x 846.0408pt>
File: diagrams/pdf/class.pdf Graphic file (type pdf)
<use diagrams/pdf/class.pdf>
Package pdftex.def Info: diagrams/pdf/class.pdf  used on input line 151.
(pdftex.def)             Requested size: 597.1896pt x 846.03874pt.


pdfTeX warning: pdflatex (file ./diagrams/pdf/class.pdf): PDF inclusion: found 
PDF version <1.7>, but at most version <1.5> allowed
File: diagrams/pdf/class.pdf Graphic file (type pdf)
<use diagrams/pdf/class.pdf>
Package pdftex.def Info: diagrams/pdf/class.pdf  used on input line 151.
(pdftex.def)             Requested size: 597.1896pt x 846.03874pt.


pdfTeX warning: pdflatex (file ./diagrams/pdf/class.pdf): PDF inclusion: found 
PDF version <1.7>, but at most version <1.5> allowed


pdfTeX warning: pdflatex (file ./diagrams/pdf/class.pdf): PDF inclusion: found 
PDF version <1.7>, but at most version <1.5> allowed
<diagrams/pdf/class.pdf, id=52, page=1, 597.19106pt x 846.0408pt>
File: diagrams/pdf/class.pdf Graphic file (type pdf)
<use diagrams/pdf/class.pdf, page 1>
Package pdftex.def Info: diagrams/pdf/class.pdf , page1 used on input line 151.

(pdftex.def)             Requested size: 597.1896pt x 846.03874pt.
File: diagrams/pdf/class.pdf Graphic file (type pdf)
<use diagrams/pdf/class.pdf, page 1>
Package pdftex.def Info: diagrams/pdf/class.pdf , page1 used on input line 151.

(pdftex.def)             Requested size: 561.15921pt x 794.99446pt.
[10



]
File: diagrams/pdf/class.pdf Graphic file (type pdf)
<use diagrams/pdf/class.pdf, page 1>
Package pdftex.def Info: diagrams/pdf/class.pdf , page1 used on input line 151.

(pdftex.def)             Requested size: 561.15921pt x 794.99446pt.
File: diagrams/pdf/class.pdf Graphic file (type pdf)
<use diagrams/pdf/class.pdf, page 1>
Package pdftex.def Info: diagrams/pdf/class.pdf , page1 used on input line 151.

(pdftex.def)             Requested size: 561.15921pt x 794.99446pt.
File: diagrams/pdf/class.pdf Graphic file (type pdf)
<use diagrams/pdf/class.pdf, page 1>
Package pdftex.def Info: diagrams/pdf/class.pdf , page1 used on input line 151.

(pdftex.def)             Requested size: 561.15921pt x 794.99446pt.
 [11 <./diagrams/pdf/class.pdf>]

pdfTeX warning: pdflatex (file ./diagrams/pdf/activity.pdf): PDF inclusion: fou
nd PDF version <1.7>, but at most version <1.5> allowed
<diagrams/pdf/activity.pdf, id=72, 614.295pt x 795.93356pt>
File: diagrams/pdf/activity.pdf Graphic file (type pdf)
<use diagrams/pdf/activity.pdf>
Package pdftex.def Info: diagrams/pdf/activity.pdf  used on input line 155.
(pdftex.def)             Requested size: 614.29349pt x 795.93163pt.


pdfTeX warning: pdflatex (file ./diagrams/pdf/activity.pdf): PDF inclusion: fou
nd PDF version <1.7>, but at most version <1.5> allowed
File: diagrams/pdf/activity.pdf Graphic file (type pdf)
<use diagrams/pdf/activity.pdf>
Package pdftex.def Info: diagrams/pdf/activity.pdf  used on input line 155.
(pdftex.def)             Requested size: 614.29349pt x 795.93163pt.


pdfTeX warning: pdflatex (file ./diagrams/pdf/activity.pdf): PDF inclusion: fou
nd PDF version <1.7>, but at most version <1.5> allowed


pdfTeX warning: pdflatex (file ./diagrams/pdf/activity.pdf): PDF inclusion: fou
nd PDF version <1.7>, but at most version <1.5> allowed
<diagrams/pdf/activity.pdf, id=75, page=1, 614.295pt x 795.93356pt>
File: diagrams/pdf/activity.pdf Graphic file (type pdf)
<use diagrams/pdf/activity.pdf, page 1>
Package pdftex.def Info: diagrams/pdf/activity.pdf , page1 used on input line 1
55.
(pdftex.def)             Requested size: 614.29349pt x 795.93163pt.
File: diagrams/pdf/activity.pdf Graphic file (type pdf)
<use diagrams/pdf/activity.pdf, page 1>
Package pdftex.def Info: diagrams/pdf/activity.pdf , page1 used on input line 1
55.
(pdftex.def)             Requested size: 614.26537pt x 795.89519pt.
[12

]
File: diagrams/pdf/activity.pdf Graphic file (type pdf)
<use diagrams/pdf/activity.pdf, page 1>
Package pdftex.def Info: diagrams/pdf/activity.pdf , page1 used on input line 1
55.
(pdftex.def)             Requested size: 614.26537pt x 795.89519pt.
File: diagrams/pdf/activity.pdf Graphic file (type pdf)
<use diagrams/pdf/activity.pdf, page 1>
Package pdftex.def Info: diagrams/pdf/activity.pdf , page1 used on input line 1
55.
(pdftex.def)             Requested size: 614.26537pt x 795.89519pt.
File: diagrams/pdf/activity.pdf Graphic file (type pdf)
<use diagrams/pdf/activity.pdf, page 1>
Package pdftex.def Info: diagrams/pdf/activity.pdf , page1 used on input line 1
55.
(pdftex.def)             Requested size: 614.26537pt x 795.89519pt.
 [13 <./diagrams/pdf/activity.pdf>]

pdfTeX warning: pdflatex (file ./diagrams/pdf/activity2.pdf): PDF inclusion: fo
und PDF version <1.7>, but at most version <1.5> allowed
<diagrams/pdf/activity2.pdf, id=97, 614.295pt x 795.93356pt>
File: diagrams/pdf/activity2.pdf Graphic file (type pdf)
<use diagrams/pdf/activity2.pdf>
Package pdftex.def Info: diagrams/pdf/activity2.pdf  used on input line 158.
(pdftex.def)             Requested size: 614.29349pt x 795.93163pt.


pdfTeX warning: pdflatex (file ./diagrams/pdf/activity2.pdf): PDF inclusion: fo
und PDF version <1.7>, but at most version <1.5> allowed
File: diagrams/pdf/activity2.pdf Graphic file (type pdf)
<use diagrams/pdf/activity2.pdf>
Package pdftex.def Info: diagrams/pdf/activity2.pdf  used on input line 158.
(pdftex.def)             Requested size: 614.29349pt x 795.93163pt.


pdfTeX warning: pdflatex (file ./diagrams/pdf/activity2.pdf): PDF inclusion: fo
und PDF version <1.7>, but at most version <1.5> allowed


pdfTeX warning: pdflatex (file ./diagrams/pdf/activity2.pdf): PDF inclusion: fo
und PDF version <1.7>, but at most version <1.5> allowed
<diagrams/pdf/activity2.pdf, id=100, page=1, 614.295pt x 795.93356pt>
File: diagrams/pdf/activity2.pdf Graphic file (type pdf)
<use diagrams/pdf/activity2.pdf, page 1>
Package pdftex.def Info: diagrams/pdf/activity2.pdf , page1 used on input line 
158.
(pdftex.def)             Requested size: 614.29349pt x 795.93163pt.
File: diagrams/pdf/activity2.pdf Graphic file (type pdf)
<use diagrams/pdf/activity2.pdf, page 1>
Package pdftex.def Info: diagrams/pdf/activity2.pdf , page1 used on input line 
158.
(pdftex.def)             Requested size: 614.26537pt x 795.89519pt.
File: diagrams/pdf/activity2.pdf Graphic file (type pdf)
<use diagrams/pdf/activity2.pdf, page 1>
Package pdftex.def Info: diagrams/pdf/activity2.pdf , page1 used on input line 
158.
(pdftex.def)             Requested size: 614.26537pt x 795.89519pt.
File: diagrams/pdf/activity2.pdf Graphic file (type pdf)
<use diagrams/pdf/activity2.pdf, page 1>
Package pdftex.def Info: diagrams/pdf/activity2.pdf , page1 used on input line 
158.
(pdftex.def)             Requested size: 614.26537pt x 795.89519pt.
File: diagrams/pdf/activity2.pdf Graphic file (type pdf)
<use diagrams/pdf/activity2.pdf, page 1>
Package pdftex.def Info: diagrams/pdf/activity2.pdf , page1 used on input line 
158.
(pdftex.def)             Requested size: 614.26537pt x 795.89519pt.
[14

 <./diagrams/pdf/activity2.pdf>]

pdfTeX warning: pdflatex (file ./diagrams/pdf/sequence.pdf): PDF inclusion: fou
nd PDF version <1.7>, but at most version <1.5> allowed
<diagrams/pdf/sequence.pdf, id=118, 614.295pt x 795.93356pt>
File: diagrams/pdf/sequence.pdf Graphic file (type pdf)
<use diagrams/pdf/sequence.pdf>
Package pdftex.def Info: diagrams/pdf/sequence.pdf  used on input line 161.
(pdftex.def)             Requested size: 614.29349pt x 795.93163pt.


pdfTeX warning: pdflatex (file ./diagrams/pdf/sequence.pdf): PDF inclusion: fou
nd PDF version <1.7>, but at most version <1.5> allowed
File: diagrams/pdf/sequence.pdf Graphic file (type pdf)
<use diagrams/pdf/sequence.pdf>
Package pdftex.def Info: diagrams/pdf/sequence.pdf  used on input line 161.
(pdftex.def)             Requested size: 614.29349pt x 795.93163pt.


pdfTeX warning: pdflatex (file ./diagrams/pdf/sequence.pdf): PDF inclusion: fou
nd PDF version <1.7>, but at most version <1.5> allowed


pdfTeX warning: pdflatex (file ./diagrams/pdf/sequence.pdf): PDF inclusion: fou
nd PDF version <1.7>, but at most version <1.5> allowed
<diagrams/pdf/sequence.pdf, id=121, page=1, 614.295pt x 795.93356pt>
File: diagrams/pdf/sequence.pdf Graphic file (type pdf)
<use diagrams/pdf/sequence.pdf, page 1>
Package pdftex.def Info: diagrams/pdf/sequence.pdf , page1 used on input line 1
61.
(pdftex.def)             Requested size: 614.29349pt x 795.93163pt.
File: diagrams/pdf/sequence.pdf Graphic file (type pdf)
<use diagrams/pdf/sequence.pdf, page 1>
Package pdftex.def Info: diagrams/pdf/sequence.pdf , page1 used on input line 1
61.
(pdftex.def)             Requested size: 614.26537pt x 795.89519pt.
File: diagrams/pdf/sequence.pdf Graphic file (type pdf)
<use diagrams/pdf/sequence.pdf, page 1>
Package pdftex.def Info: diagrams/pdf/sequence.pdf , page1 used on input line 1
61.
(pdftex.def)             Requested size: 614.26537pt x 795.89519pt.
File: diagrams/pdf/sequence.pdf Graphic file (type pdf)
<use diagrams/pdf/sequence.pdf, page 1>
Package pdftex.def Info: diagrams/pdf/sequence.pdf , page1 used on input line 1
61.
(pdftex.def)             Requested size: 614.26537pt x 795.89519pt.
File: diagrams/pdf/sequence.pdf Graphic file (type pdf)
<use diagrams/pdf/sequence.pdf, page 1>
Package pdftex.def Info: diagrams/pdf/sequence.pdf , page1 used on input line 1
61.
(pdftex.def)             Requested size: 614.26537pt x 795.89519pt.
[15

 <./diagrams/pdf/sequence.pdf>]

pdfTeX warning: pdflatex (file ./diagrams/pdf/sequence1.pdf): PDF inclusion: fo
und PDF version <1.7>, but at most version <1.5> allowed
<diagrams/pdf/sequence1.pdf, id=135, 614.295pt x 795.93356pt>
File: diagrams/pdf/sequence1.pdf Graphic file (type pdf)
<use diagrams/pdf/sequence1.pdf>
Package pdftex.def Info: diagrams/pdf/sequence1.pdf  used on input line 164.
(pdftex.def)             Requested size: 614.29349pt x 795.93163pt.


pdfTeX warning: pdflatex (file ./diagrams/pdf/sequence1.pdf): PDF inclusion: fo
und PDF version <1.7>, but at most version <1.5> allowed
File: diagrams/pdf/sequence1.pdf Graphic file (type pdf)
<use diagrams/pdf/sequence1.pdf>
Package pdftex.def Info: diagrams/pdf/sequence1.pdf  used on input line 164.
(pdftex.def)             Requested size: 614.29349pt x 795.93163pt.


pdfTeX warning: pdflatex (file ./diagrams/pdf/sequence1.pdf): PDF inclusion: fo
und PDF version <1.7>, but at most version <1.5> allowed


pdfTeX warning: pdflatex (file ./diagrams/pdf/sequence1.pdf): PDF inclusion: fo
und PDF version <1.7>, but at most version <1.5> allowed
<diagrams/pdf/sequence1.pdf, id=138, page=1, 614.295pt x 795.93356pt>
File: diagrams/pdf/sequence1.pdf Graphic file (type pdf)
<use diagrams/pdf/sequence1.pdf, page 1>
Package pdftex.def Info: diagrams/pdf/sequence1.pdf , page1 used on input line 
164.
(pdftex.def)             Requested size: 614.29349pt x 795.93163pt.
File: diagrams/pdf/sequence1.pdf Graphic file (type pdf)
<use diagrams/pdf/sequence1.pdf, page 1>
Package pdftex.def Info: diagrams/pdf/sequence1.pdf , page1 used on input line 
164.
(pdftex.def)             Requested size: 614.26537pt x 795.89519pt.
File: diagrams/pdf/sequence1.pdf Graphic file (type pdf)
<use diagrams/pdf/sequence1.pdf, page 1>
Package pdftex.def Info: diagrams/pdf/sequence1.pdf , page1 used on input line 
164.
(pdftex.def)             Requested size: 614.26537pt x 795.89519pt.
File: diagrams/pdf/sequence1.pdf Graphic file (type pdf)
<use diagrams/pdf/sequence1.pdf, page 1>
Package pdftex.def Info: diagrams/pdf/sequence1.pdf , page1 used on input line 
164.
(pdftex.def)             Requested size: 614.26537pt x 795.89519pt.
File: diagrams/pdf/sequence1.pdf Graphic file (type pdf)
<use diagrams/pdf/sequence1.pdf, page 1>
Package pdftex.def Info: diagrams/pdf/sequence1.pdf , page1 used on input line 
164.
(pdftex.def)             Requested size: 614.26537pt x 795.89519pt.
[16

 <./diagrams/pdf/sequence1.pdf>]
Kapitola 3.
(./includes/akc1.tex
Overfull \hbox (3.1198pt too wide) in paragraph at lines 37--37
[]|\OT1/ptm/b/n/12 Krok| 
 []


Underfull \hbox (badness 10000) in paragraph at lines 45--45
[]|\OT1/ptm/m/n/12 Zobrazi sa in-te-rak-tivna
 []


Underfull \hbox (badness 5533) in paragraph at lines 59--59
[]|\OT1/ptm/m/n/12 Informacie sa zo-bra-zuju,
 []


Underfull \hbox (badness 10000) in alignment at lines 62--62
[]
 []

) (./includes/akc2.tex
Overfull \hbox (3.1198pt too wide) in paragraph at lines 36--36
[]|\OT1/ptm/b/n/12 Krok| 
 []


Underfull \hbox (badness 4378) in paragraph at lines 44--44
[]|\OT1/ptm/m/n/12 Stranka vy-pi-sala zo-znam
 []


Underfull \hbox (badness 4859) in paragraph at lines 51--51
[]|\OT1/ptm/m/n/12 Zobrazil sa for-mu-lar na
 []


Underfull \hbox (badness 4569) in paragraph at lines 51--51
\OT1/ptm/m/n/12 za-da-nie uda-jov pla-tob-nej
 []


Underfull \hbox (badness 4859) in paragraph at lines 51--51
[]|\OT1/ptm/m/n/12 Zobrazil sa for-mu-lar na
 []


Underfull \hbox (badness 4569) in paragraph at lines 51--51
\OT1/ptm/m/n/12 za-da-nie uda-jov pla-tob-nej
 []


Underfull \hbox (badness 10000) in paragraph at lines 58--58
[]|\OT1/ptm/m/n/12 Pouzivatel za-dal udaje
 []


Underfull \hbox (badness 3735) in paragraph at lines 58--58
[]|\OT1/ptm/m/n/12 Stranka uspesne spra-cuje
 []


Underfull \hbox (badness 10000) in alignment at lines 61--61
[]
 []


LaTeX Warning: `h' float specifier changed to `ht'.

) (./includes/akc3.tex
Overfull \hbox (3.1198pt too wide) in paragraph at lines 37--37
[]|\OT1/ptm/b/n/12 Krok| 
 []


Underfull \hbox (badness 7012) in paragraph at lines 45--45
[]|\OT1/ptm/m/n/12 Pouzivatel zvo-lil vy-pi-sat
 []


Underfull \hbox (badness 4378) in paragraph at lines 45--45
[]|\OT1/ptm/m/n/12 Stranka vy-pi-sala zo-znam
 []


Underfull \hbox (badness 3229) in paragraph at lines 45--45
\OT1/ptm/m/n/12 ta-ri-fov s moz-nos-tou pri-
 []


Underfull \hbox (badness 5091) in paragraph at lines 45--45
\OT1/ptm/m/n/12 da-nia, ale bez moz-nosti
 []


Underfull \hbox (badness 10000) in paragraph at lines 59--59
[]|\OT1/ptm/m/n/12 Pouzivatel zvo-lil pri-dat
 []


Underfull \hbox (badness 2158) in paragraph at lines 59--59
[]|\OT1/ptm/m/n/12 Zobrazil sa for-mu-lar no-
 []


Underfull \hbox (badness 2158) in paragraph at lines 59--59
[]|\OT1/ptm/m/n/12 Zobrazil sa for-mu-lar no-
 []


Underfull \hbox (badness 10000) in alignment at lines 62--62
[]
 []


LaTeX Warning: `h' float specifier changed to `ht'.

) (./includes/akc4.tex
Overfull \hbox (3.1198pt too wide) in paragraph at lines 37--37
[]|\OT1/ptm/b/n/12 Krok| 
 []


Underfull \hbox (badness 6859) in paragraph at lines 45--45
[]|\OT1/ptm/m/n/12 Pouzovatel zvo-lil na-ci-tat
 []


Underfull \hbox (badness 2261) in paragraph at lines 45--45
[]|\OT1/ptm/m/n/12 Otvorila sa ap-li-ka-cia ka-
 []


Underfull \hbox (badness 2277) in paragraph at lines 66--66
[]|\OT1/ptm/m/n/12 Bycikel s na-ci-ta-nym QR
 []


Underfull \hbox (badness 10000) in alignment at lines 69--69
[]
 []


LaTeX Warning: `h' float specifier changed to `ht'.

) [17

] [18] [19] (./document.aux)
 ***********
LaTeX2e <2023-06-01> patch level 1
L3 programming layer <2023-08-03>
 ***********


LaTeX Warning: There were multiply-defined labels.

 ) 
Here is how much of TeX's memory you used:
 4872 strings out of 475188
 80749 string characters out of 5763808
 1942254 words of memory out of 5000000
 26087 multiletter control sequences out of 15000+600000
 585862 words of font info for 87 fonts, out of 8000000 for 9000
 1141 hyphenation exceptions out of 8191
 72i,17n,79p,243b,426s stack positions out of 10000i,1000n,20000p,200000b,200000s
</usr/local/texlive/2023/texmf-dist/fonts/type1/urw/times/utmb8a.pfb></usr/lo
cal/texlive/2023/texmf-dist/fonts/type1/urw/times/utmr8a.pfb>
Output written on document.pdf (20 pages, 177034 bytes).
PDF statistics:
 174 PDF objects out of 1000 (max. 8388607)
 104 compressed objects within 2 object streams
 0 named destinations out of 1000 (max. 500000)
 121 words of extra memory for PDF output out of 10000 (max. 10000000)

